proguard/seeds.txt
com.hnmoma.driftbottle.model.ChatDao$Properties
com.hnmoma.driftbottle.model.ChatDao$Properties: de.greenrobot.dao.Property Id
com.hnmoma.driftbottle.model.ChatDao$Properties: de.greenrobot.dao.Property UserId
com.hnmoma.driftbottle.model.ChatDao$Properties: de.greenrobot.dao.Property Content
com.hnmoma.driftbottle.model.ChatDao$Properties: de.greenrobot.dao.Property ContentType
com.hnmoma.driftbottle.model.ChatDao$Properties: de.greenrobot.dao.Property NickName
com.hnmoma.driftbottle.model.ChatDao$Properties: de.greenrobot.dao.Property IdentityType
com.hnmoma.driftbottle.model.ChatDao$Properties: de.greenrobot.dao.Property HeadImg
com.hnmoma.driftbottle.model.ChatDao$Properties: de.greenrobot.dao.Property Province
com.hnmoma.driftbottle.model.ChatDao$Properties: de.greenrobot.dao.Property City
com.hnmoma.driftbottle.model.ChatDao$Properties: de.greenrobot.dao.Property IsContent
com.hnmoma.driftbottle.model.ChatDao$Properties: de.greenrobot.dao.Property IsComMsg
com.hnmoma.driftbottle.model.ChatDao$Properties: de.greenrobot.dao.Property ChatTime
com.hnmoma.driftbottle.model.ChatDao$Properties: de.greenrobot.dao.Property BottleIdPk
com.hnmoma.driftbottle.model.ChatDao$Properties: void <clinit>()
com.hnmoma.driftbottle.model.ChatDao$Properties: ChatDao$Properties()
com.hnmoma.driftbottle.model.ChatModel
com.hnmoma.driftbottle.model.ChatModel: java.lang.String userId
com.hnmoma.driftbottle.model.ChatModel: java.lang.String content
com.hnmoma.driftbottle.model.ChatModel: java.lang.String contentType
com.hnmoma.driftbottle.model.ChatModel: java.lang.String nickName
com.hnmoma.driftbottle.model.ChatModel: java.lang.String headImg
com.hnmoma.driftbottle.model.ChatModel: java.lang.String province
com.hnmoma.driftbottle.model.ChatModel: java.lang.String city
com.hnmoma.driftbottle.model.ChatModel: java.lang.String identityType
com.hnmoma.driftbottle.model.ChatModel: java.util.Date chatTime
com.hnmoma.driftbottle.model.ChatModel: ChatModel()
com.hnmoma.driftbottle.model.ChatModel: java.lang.String getUserId()
com.hnmoma.driftbottle.model.ChatModel: void setUserId(java.lang.String)
com.hnmoma.driftbottle.model.ChatModel: java.lang.String getContent()
com.hnmoma.driftbottle.model.ChatModel: void setContent(java.lang.String)
com.hnmoma.driftbottle.model.ChatModel: java.lang.String getContentType()
com.hnmoma.driftbottle.model.ChatModel: void setContentType(java.lang.String)
com.hnmoma.driftbottle.model.ChatModel: java.lang.String getNickName()
com.hnmoma.driftbottle.model.ChatModel: void setNickName(java.lang.String)
com.hnmoma.driftbottle.model.ChatModel: java.lang.String getHeadImg()
com.hnmoma.driftbottle.model.ChatModel: void setHeadImg(java.lang.String)
com.hnmoma.driftbottle.model.ChatMsgModel
com.hnmoma.driftbottle.model.ChatMsgModel: long serialVersionUID
com.hnmoma.driftbottle.model.ChatMsgModel: java.lang.Long bottleIdPk
com.hnmoma.driftbottle.model.ChatMsgModel: java.util.List chatList
com.hnmoma.driftbottle.model.ChatMsgModel: ChatMsgModel()
com.hnmoma.driftbottle.model.ChatMsgModel: java.lang.Long getBottleIdPk()
com.hnmoma.driftbottle.model.ChatMsgModel: void setBottleIdPk(java.lang.Long)
com.hnmoma.driftbottle.model.ChatMsgModel: java.util.List getChatList()
com.hnmoma.driftbottle.model.ChatMsgModel: void setChatList(java.util.List)