proguard/mapping.txt
com.hnmoma.driftbottle.adapter.MyGiftAdapter$Holder -> com.hnmoma.driftbottle.adapter.bt:
    android.widget.ImageView iv_pic -> a
    android.widget.TextView tv_mz -> b
    android.widget.TextView tv_jg -> c
    android.widget.TextView tv_date -> d
    android.view.View intervalline -> e
com.hnmoma.driftbottle.adapter.MyPropertyAdapter -> com.hnmoma.driftbottle.adapter.bu:
    android.view.LayoutInflater inflater -> c
    com.nostra13.universalimageloader.core.ImageLoader imageLoader -> a
    com.nostra13.universalimageloader.core.DisplayImageOptions options -> b
    java.util.LinkedList mInfos -> d
    34:66:android.view.View getView(int,android.view.View,android.view.ViewGroup) -> getView
    71:71:int getCount() -> getCount
    76:79:com.hnmoma.driftbottle.model.PropsModel getItem(int) -> a
    85:85:long getItemId(int) -> getItemId
    89:90:void addItemLast(java.util.List) -> a
    1:1:java.lang.Object getItem(int) -> getItem
com.hnmoma.driftbottle.adapter.MyPropertyAdapter$Holder -> com.hnmoma.driftbottle.adapter.bv:
    android.widget.ImageView iv_head -> a
    android.widget.TextView tv_mz -> b
    android.widget.TextView tv_jg -> c
com.hnmoma.driftbottle.adapter.PersonalityAdapter -> com.hnmoma.driftbottle.adapter.bw:
    com.nostra13.universalimageloader.core.ImageLoader imageLoader -> a
    com.nostra13.universalimageloader.core.DisplayImageOptions options -> b
    android.view.LayoutInflater inflater -> c
    android.content.Context mContext -> d
    java.util.HashMap mList -> e
    49:52:int getCount() -> getCount
    58:58:java.lang.Object getItem(int) -> getItem
    64:64:long getItemId(int) -> getItemId
    70:103:android.view.View getView(int,android.view.View,android.view.ViewGroup) -> getView
    113:114:void addItemLast(java.util.List) -> a
com.hnmoma.driftbottle.adapter.PersonalityAdapter$1 -> com.hnmoma.driftbottle.adapter.bx:
    com.hnmoma.driftbottle.adapter.PersonalityAdapter this$0 -> a
    java.util.List val$arrayListForEveryGridView -> b
    94:99:void onItemClick(android.widget.AdapterView,android.view.View,int,long) -> onItemClick
com.hnmoma.driftbottle.adapter.PersonalityAdapter$ViewHolder -> com.hnmoma.driftbottle.adapter.by:
    android.widget.TextView tv_title -> a
    com.hnmoma.driftbottle.custom.CustomPersonGridView gridView -> b
    com.hnmoma.driftbottle.adapter.PersonalityAdapter this$0 -> c
com.hnmoma.driftbottle.adapter.PhbAdapter -> com.hnmoma.driftbottle.adapter.bz:
    android.content.Context context -> a
    android.view.LayoutInflater inflater -> f
    com.nostra13.universalimageloader.core.ImageLoader imageLoader -> b
    com.nostra13.universalimageloader.core.DisplayImageOptions options -> c
    int index -> d
    int Displaywidth -> e
    java.util.Map datas -> g
    java.lang.String[] TopName -> h
    int[] TopNamePic -> i
    60:131:android.view.View getView(int,android.view.View,android.view.ViewGroup) -> getView
    137:191:void setItemData(com.hnmoma.driftbottle.adapter.PhbAdapter$Holder,int) -> a
    320:320:int getCount() -> getCount
    325:328:java.util.List getItem(int) -> a
    334:334:long getItemId(int) -> getItemId
    338:339:void addItemLast(java.util.Map) -> a
    351:372:java.lang.String[] getIdentityByCode(java.lang.String) -> a
    1:1:java.lang.Object getItem(int) -> getItem
    43:43:java.util.Map access$1(com.hnmoma.driftbottle.adapter.PhbAdapter) -> a
com.hnmoma.driftbottle.adapter.PhbAdapter$Holder -> com.hnmoma.driftbottle.adapter.ca:
    android.widget.TextView tv_topname -> a
    android.widget.LinearLayout ll_item -> b
    android.widget.RelativeLayout[] rl_layout -> c
    android.widget.ImageView[] iv_head -> d
    android.widget.TextView[] tv_name -> e
    android.widget.ImageView[] iv_vip -> f
    android.widget.RelativeLayout rl_more -> g