proguard/usage.txt
com.hnmoma.driftbottle.cache.AsyncMfLoader$2
com.hnmoma.driftbottle.cache.AsyncMfLoader$MfCallback
com.hnmoma.driftbottle.cache.CacheInfo
com.hnmoma.driftbottle.cache.DBClient
com.hnmoma.driftbottle.cache.FileCacheManager
com.hnmoma.driftbottle.cache.FileCacheManager$FMU
com.hnmoma.driftbottle.cache.FileCacheManager$FTU
com.hnmoma.driftbottle.cache.FileCacheManager$LRU
com.hnmoma.driftbottle.cache.FileCacheManager$MfFTU
com.hnmoma.driftbottle.custom.BuyDialog:
    android.widget.Button bt_01
    com.hnmoma.driftbottle.model.PropsModel djModel
    35:38:public BuyDialog(android.content.Context,java.lang.String)
com.hnmoma.driftbottle.custom.BuyLwDialog:
    android.widget.Button bt_01
    com.hnmoma.driftbottle.model.PropsModel djModel
    32:35:public BuyLwDialog(android.content.Context,java.lang.String)
com.hnmoma.driftbottle.custom.CharmTranslateDialog:
    23:26:public CharmTranslateDialog(android.content.Context)
com.hnmoma.driftbottle.custom.ChatBottle:
    android.widget.TextView tv_da
    android.widget.LinearLayout rl_c
    android.widget.TextView tv_sc
    android.widget.TextView tv_rd
    83:84:public ChatBottle(android.content.Context)
com.hnmoma.driftbottle.custom.CommonBottle
com.hnmoma.driftbottle.custom.CommonBottle$1
com.hnmoma.driftbottle.custom.CommonBottle$2
com.hnmoma.driftbottle.custom.CustomDialog:
    public static final int SELECT_DIALOG
    public static final int RADIO_DIALOG
    48:48:public android.app.Dialog showRadioDialog(android.content.Context,java.lang.String,com.hnmoma.driftbottle.custom.CustomDialog$CustomDialogClickListener)
com.hnmoma.driftbottle.custom.DampView:
    private static final int LEN
    private static final int DURATION
    private static final int MAX_DY
    157:157:public boolean isAtTop()
com.hnmoma.driftbottle.custom.DampView$TouchTool:
    122:123:public int getScrollX(float)
com.hnmoma.driftbottle.custom.ListViewLoadMore:
    81:83:public void complateLoad()
com.hnmoma.driftbottle.custom.MyTextView:
    39:40:public void init(int)
    48:49:public void startMove()
com.hnmoma.driftbottle.custom.NoticeMsg:
    21:23:public NoticeMsg(android.app.Activity)
    26:28:public NoticeMsg(android.app.Activity,android.util.AttributeSet)
com.hnmoma.driftbottle.custom.PropsTextProgressBar:
    private static final int TEXT_SIZE
com.hnmoma.driftbottle.custom.RoundProgressBar:
    public static final int STROKE
    public static final int FILL
com.hnmoma.driftbottle.custom.TextProgressBar:
    private static final int TEXT_SIZE
com.hnmoma.driftbottle.custom.TextPromptDialog:
    20:23:public TextPromptDialog(android.content.Context)
com.hnmoma.driftbottle.custom.TimeOutProgressDialog:
    55:57:public void setExit(boolean)
com.hnmoma.driftbottle.custom.WxFloatWindowManager:
    private static android.view.WindowManager$LayoutParams bigWindowParams
    12:12:public WxFloatWindowManager()
    76:76:public static boolean isWindowShowing()
com.hnmoma.driftbottle.custom.photoview.Compat:
    private static final int SIXTY_FPS_INTERVAL
    20:20:public Compat()
com.hnmoma.driftbottle.custom.photoview.IPhotoView
com.hnmoma.driftbottle.custom.photoview.PhotoView:
    69:69:public boolean canZoom()
    183:184:public void zoomTo(float,float,float)
com.hnmoma.driftbottle.custom.photoview.PhotoViewAttacher:
    static final java.lang.String LOG_TAG
    static final int EDGE_NONE
    static final int EDGE_LEFT
    static final int EDGE_RIGHT
    static final int EDGE_BOTH
    public static final float DEFAULT_MAX_SCALE
    public static final float DEFAULT_MIN_SCALE
    200:200:public final boolean canZoom()
com.hnmoma.driftbottle.custom.photoview.PhotoViewAttacher$AnimatedZoomRunnable:
    static final float ANIMATION_SCALE_PER_ITERATION_IN
    static final float ANIMATION_SCALE_PER_ITERATION_OUT
com.hnmoma.driftbottle.custom.photoview.SDK16:
    35:35:public SDK16()